**********************
PowerShell transcript start
Start time: 20260126120157
Username: DTL01\lcladmin
RunAs User: DTL01\lcladmin
Configuration Name: 
Machine: DTL01 (Microsoft Windows NT 10.0.20348.0)
Host Application: C:\Program Files\PowerShell\7\pwsh.dll -noexit -command try { . "c:\Program Files\Microsoft VS Code\resources\app\out\vs\workbench\contrib\terminal\common\scripts\shellIntegration.ps1" } catch {}
Process ID: 10360
PSVersion: 7.5.3
PSEdition: Core
GitCommitId: 7.5.3
OS: Microsoft Windows 10.0.20348
Platform: Win32NT
PSCompatibleVersions: 1.0, 2.0, 3.0, 4.0, 5.0, 5.1, 6.0, 7.0
PSRemotingProtocolVersion: 2.3
SerializationVersion: 1.1.0.1
WSManStackVersion: 3.0
**********************
Transcript started, output file is .\logs\Scenario3-Cleanup-20260126-120157.log

╔════════════════════════════════════════════════════════════════╗
║  CLEANUP: Removing Scenario 3 Policies (45 assignments)      ║
╚════════════════════════════════════════════════════════════════╝
Getting all policy assignments...
Total assignments in subscription: 47
Filtering to Key Vault policies (improved filter)...
Found 0 Key Vault policies to remove
⚠️ No policies found to remove!
**********************
PowerShell transcript end
End time: 20260126120158
**********************
